# JRE version: Java(TM) SE Runtime Environment (8.0_211-b12) (build 1.8.0_211-b12)
# Java VM: Java HotSpot(TM) 64-Bit Server VM (25.211-b12 mixed mode windows-amd64 compressed oops)
Heap:
 PSYoungGen      total 178688K, used 94666K [0x00000000eb500000, 0x00000000fa880000, 0x0000000100000000)
  eden space 165888K, 57% used [0x00000000eb500000,0x00000000f1172950,0x00000000f5700000)
  from space 12800K, 0% used [0x00000000f5700000,0x00000000f5700000,0x00000000f6380000)
  to   space 12288K, 0% used [0x00000000f9c80000,0x00000000f9c80000,0x00000000fa880000)
 ParOldGen       total 60928K, used 22019K [0x00000000c1e00000, 0x00000000c5980000, 0x00000000eb500000)
  object space 60928K, 36% used [0x00000000c1e00000,0x00000000c3380de8,0x00000000c5980000)
 Metaspace       used 36824K, capacity 38494K, committed 38872K, reserved 1083392K
  class space    used 4725K, capacity 5049K, committed 5120K, reserved 1048576K
GC Heap History (10 events):
Event: 6.556 GC heap before
{Heap before GC invocations=13 (full 1):
 PSYoungGen      total 107008K, used 106991K [0x00000000eb500000, 0x00000000f3d00000, 0x0000000100000000)
  eden space 101888K, 100% used [0x00000000eb500000,0x00000000f1880000,0x00000000f1880000)
  from space 5120K, 99% used [0x00000000f1880000,0x00000000f1d7be28,0x00000000f1d80000)
  to   space 8192K, 0% used [0x00000000f3500000,0x00000000f3500000,0x00000000f3d00000)
 ParOldGen       total 31744K, used 14732K [0x00000000c1e00000, 0x00000000c3d00000, 0x00000000eb500000)
  object space 31744K, 46% used [0x00000000c1e00000,0x00000000c2c630c8,0x00000000c3d00000)
 Metaspace       used 25770K, capacity 26374K, committed 26496K, reserved 1073152K
  class space    used 3266K, capacity 3431K, committed 3456K, reserved 1048576K
Event: 6.588 GC heap after
Heap after GC invocations=13 (full 1):
 PSYoungGen      total 128000K, used 8187K [0x00000000eb500000, 0x00000000f5600000, 0x0000000100000000)
  eden space 119808K, 0% used [0x00000000eb500000,0x00000000eb500000,0x00000000f2a00000)
  from space 8192K, 99% used [0x00000000f3500000,0x00000000f3cfed18,0x00000000f3d00000)
  to   space 11264K, 0% used [0x00000000f2a00000,0x00000000f2a00000,0x00000000f3500000)
 ParOldGen       total 31744K, used 19657K [0x00000000c1e00000, 0x00000000c3d00000, 0x00000000eb500000)
  object space 31744K, 61% used [0x00000000c1e00000,0x00000000c31325f8,0x00000000c3d00000)
 Metaspace       used 25770K, capacity 26374K, committed 26496K, reserved 1073152K
  class space    used 3266K, capacity 3431K, committed 3456K, reserved 1048576K
}
Event: 7.615 GC heap before
{Heap before GC invocations=14 (full 1):
 PSYoungGen      total 128000K, used 127994K [0x00000000eb500000, 0x00000000f5600000, 0x0000000100000000)
  eden space 119808K, 99% used [0x00000000eb500000,0x00000000f29ffb60,0x00000000f2a00000)
  from space 8192K, 99% used [0x00000000f3500000,0x00000000f3cfed18,0x00000000f3d00000)
  to   space 11264K, 0% used [0x00000000f2a00000,0x00000000f2a00000,0x00000000f3500000)
 ParOldGen       total 31744K, used 19657K [0x00000000c1e00000, 0x00000000c3d00000, 0x00000000eb500000)
  object space 31744K, 61% used [0x00000000c1e00000,0x00000000c31325f8,0x00000000c3d00000)
 Metaspace       used 27246K, capacity 27980K, committed 28032K, reserved 1073152K
  class space    used 3459K, capacity 3662K, committed 3712K, reserved 1048576K
Event: 7.639 GC heap after
Heap after GC invocations=14 (full 1):
 PSYoungGen      total 131072K, used 9967K [0x00000000eb500000, 0x00000000f7080000, 0x0000000100000000)
  eden space 119808K, 0% used [0x00000000eb500000,0x00000000eb500000,0x00000000f2a00000)
  from space 11264K, 88% used [0x00000000f2a00000,0x00000000f33bbe18,0x00000000f3500000)
  to   space 12288K, 0% used [0x00000000f6480000,0x00000000f6480000,0x00000000f7080000)
 ParOldGen       total 31744K, used 22265K [0x00000000c1e00000, 0x00000000c3d00000, 0x00000000eb500000)
  object space 31744K, 70% used [0x00000000c1e00000,0x00000000c33be5f8,0x00000000c3d00000)
 Metaspace       used 27246K, capacity 27980K, committed 28032K, reserved 1073152K
  class space    used 3459K, capacity 3662K, committed 3712K, reserved 1048576K
}
Event: 9.021 GC heap before
{Heap before GC invocations=15 (full 1):
 PSYoungGen      total 131072K, used 129775K [0x00000000eb500000, 0x00000000f7080000, 0x0000000100000000)
  eden space 119808K, 100% used [0x00000000eb500000,0x00000000f2a00000,0x00000000f2a00000)
  from space 11264K, 88% used [0x00000000f2a00000,0x00000000f33bbe18,0x00000000f3500000)
  to   space 12288K, 0% used [0x00000000f6480000,0x00000000f6480000,0x00000000f7080000)
 ParOldGen       total 31744K, used 22265K [0x00000000c1e00000, 0x00000000c3d00000, 0x00000000eb500000)
  object space 31744K, 70% used [0x00000000c1e00000,0x00000000c33be5f8,0x00000000c3d00000)
 Metaspace       used 30706K, capacity 31762K, committed 31872K, reserved 1077248K
  class space    used 3952K, capacity 4191K, committed 4224K, reserved 1048576K
Event: 9.041 GC heap after
Heap after GC invocations=15 (full 1):
 PSYoungGen      total 177664K, used 8469K [0x00000000eb500000, 0x00000000f7000000, 0x0000000100000000)
  eden space 165888K, 0% used [0x00000000eb500000,0x00000000eb500000,0x00000000f5700000)
  from space 11776K, 71% used [0x00000000f6480000,0x00000000f6cc5760,0x00000000f7000000)
  to   space 12800K, 0% used [0x00000000f5700000,0x00000000f5700000,0x00000000f6380000)
 ParOldGen       total 31744K, used 24891K [0x00000000c1e00000, 0x00000000c3d00000, 0x00000000eb500000)
  object space 31744K, 78% used [0x00000000c1e00000,0x00000000c364ee90,0x00000000c3d00000)
 Metaspace       used 30706K, capacity 31762K, committed 31872K, reserved 1077248K
  class space    used 3952K, capacity 4191K, committed 4224K, reserved 1048576K
}
Event: 11.534 GC heap before
{Heap before GC invocations=16 (full 1):
 PSYoungGen      total 177664K, used 112073K [0x00000000eb500000, 0x00000000f7000000, 0x0000000100000000)
  eden space 165888K, 62% used [0x00000000eb500000,0x00000000f1a2cf58,0x00000000f5700000)
  from space 11776K, 71% used [0x00000000f6480000,0x00000000f6cc5760,0x00000000f7000000)
  to   space 12800K, 0% used [0x00000000f5700000,0x00000000f5700000,0x00000000f6380000)
 ParOldGen       total 31744K, used 24891K [0x00000000c1e00000, 0x00000000c3d00000, 0x00000000eb500000)
  object space 31744K, 78% used [0x00000000c1e00000,0x00000000c364ee90,0x00000000c3d00000)
 Metaspace       used 33711K, capacity 35310K, committed 35416K, reserved 1079296K
  class space    used 4341K, capacity 4655K, committed 4736K, reserved 1048576K
Event: 11.548 GC heap after
Heap after GC invocations=16 (full 1):
 PSYoungGen      total 178688K, used 4862K [0x00000000eb500000, 0x00000000fa880000, 0x0000000100000000)
  eden space 165888K, 0% used [0x00000000eb500000,0x00000000eb500000,0x00000000f5700000)
  from space 12800K, 37% used [0x00000000f5700000,0x00000000f5bbf890,0x00000000f6380000)
  to   space 12288K, 0% used [0x00000000f9c80000,0x00000000f9c80000,0x00000000fa880000)
 ParOldGen       total 31744K, used 28163K [0x00000000c1e00000, 0x00000000c3d00000, 0x00000000eb500000)
  object space 31744K, 88% used [0x00000000c1e00000,0x00000000c3980ca8,0x00000000c3d00000)
 Metaspace       used 33711K, capacity 35310K, committed 35416K, reserved 1079296K
  class space    used 4341K, capacity 4655K, committed 4736K, reserved 1048576K
}
Event: 11.548 GC heap before
{Heap before GC invocations=17 (full 2):
 PSYoungGen      total 178688K, used 4862K [0x00000000eb500000, 0x00000000fa880000, 0x0000000100000000)
  eden space 165888K, 0% used [0x00000000eb500000,0x00000000eb500000,0x00000000f5700000)
  from space 12800K, 37% used [0x00000000f5700000,0x00000000f5bbf890,0x00000000f6380000)
  to   space 12288K, 0% used [0x00000000f9c80000,0x00000000f9c80000,0x00000000fa880000)
 ParOldGen       total 31744K, used 28163K [0x00000000c1e00000, 0x00000000c3d00000, 0x00000000eb500000)
  object space 31744K, 88% used [0x00000000c1e00000,0x00000000c3980ca8,0x00000000c3d00000)
 Metaspace       used 33711K, capacity 35310K, committed 35416K, reserved 1079296K
  class space    used 4341K, capacity 4655K, committed 4736K, reserved 1048576K
Event: 11.685 GC heap after
Heap after GC invocations=17 (full 2):
 PSYoungGen      total 178688K, used 0K [0x00000000eb500000, 0x00000000fa880000, 0x0000000100000000)
  eden space 165888K, 0% used [0x00000000eb500000,0x00000000eb500000,0x00000000f5700000)
  from space 12800K, 0% used [0x00000000f5700000,0x00000000f5700000,0x00000000f6380000)
  to   space 12288K, 0% used [0x00000000f9c80000,0x00000000f9c80000,0x00000000fa880000)
 ParOldGen       total 60928K, used 22019K [0x00000000c1e00000, 0x00000000c5980000, 0x00000000eb500000)
  object space 60928K, 36% used [0x00000000c1e00000,0x00000000c3380de8,0x00000000c5980000)
 Metaspace       used 33711K, capacity 35310K, committed 35416K, reserved 1079296K
  class space    used 4341K, capacity 4655K, committed 4736K, reserved 1048576K
}

