# JRE version: Java(TM) SE Runtime Environment (8.0_211-b12) (build 1.8.0_211-b12)
# Java VM: Java HotSpot(TM) 64-Bit Server VM (25.211-b12 mixed mode windows-amd64 compressed oops)
Heap:
 PSYoungGen      total 69632K, used 9731K [0x00000000eb500000, 0x00000000eff00000, 0x0000000100000000)
  eden space 65024K, 7% used [0x00000000eb500000,0x00000000eba01580,0x00000000ef480000)
  from space 4608K, 99% used [0x00000000ef980000,0x00000000efdffa10,0x00000000efe00000)
  to   space 5120K, 0% used [0x00000000ef480000,0x00000000ef480000,0x00000000ef980000)
 ParOldGen       total 32256K, used 12564K [0x00000000c1e00000, 0x00000000c3d80000, 0x00000000eb500000)
  object space 32256K, 38% used [0x00000000c1e00000,0x00000000c2a45318,0x00000000c3d80000)
 Metaspace       used 24630K, capacity 25316K, committed 25600K, reserved 1071104K
  class space    used 3116K, capacity 3294K, committed 3328K, reserved 1048576K
GC Heap History (10 events):
Event: 3.619 GC heap before
{Heap before GC invocations=7 (full 0):
 PSYoungGen      total 69632K, used 69452K [0x00000000eb500000, 0x00000000eff00000, 0x0000000100000000)
  eden space 65024K, 100% used [0x00000000eb500000,0x00000000ef480000,0x00000000ef480000)
  from space 4608K, 96% used [0x00000000ef980000,0x00000000efdd31c0,0x00000000efe00000)
  to   space 5120K, 0% used [0x00000000ef480000,0x00000000ef480000,0x00000000ef980000)
 ParOldGen       total 44032K, used 3148K [0x00000000c1e00000, 0x00000000c4900000, 0x00000000eb500000)
  object space 44032K, 7% used [0x00000000c1e00000,0x00000000c2113000,0x00000000c4900000)
 Metaspace       used 18782K, capacity 19316K, committed 19456K, reserved 1067008K
  class space    used 2428K, capacity 2560K, committed 2560K, reserved 1048576K
Event: 3.637 GC heap after
Heap after GC invocations=7 (full 0):
 PSYoungGen      total 70144K, used 5112K [0x00000000eb500000, 0x00000000eff00000, 0x0000000100000000)
  eden space 65024K, 0% used [0x00000000eb500000,0x00000000eb500000,0x00000000ef480000)
  from space 5120K, 99% used [0x00000000ef480000,0x00000000ef97e000,0x00000000ef980000)
  to   space 4608K, 0% used [0x00000000ef980000,0x00000000ef980000,0x00000000efe00000)
 ParOldGen       total 44032K, used 5636K [0x00000000c1e00000, 0x00000000c4900000, 0x00000000eb500000)
  object space 44032K, 12% used [0x00000000c1e00000,0x00000000c2381098,0x00000000c4900000)
 Metaspace       used 18782K, capacity 19316K, committed 19456K, reserved 1067008K
  class space    used 2428K, capacity 2560K, committed 2560K, reserved 1048576K
}
Event: 3.800 GC heap before
{Heap before GC invocations=8 (full 0):
 PSYoungGen      total 70144K, used 34062K [0x00000000eb500000, 0x00000000eff00000, 0x0000000100000000)
  eden space 65024K, 44% used [0x00000000eb500000,0x00000000ed145a48,0x00000000ef480000)
  from space 5120K, 99% used [0x00000000ef480000,0x00000000ef97e000,0x00000000ef980000)
  to   space 4608K, 0% used [0x00000000ef980000,0x00000000ef980000,0x00000000efe00000)
 ParOldGen       total 44032K, used 5636K [0x00000000c1e00000, 0x00000000c4900000, 0x00000000eb500000)
  object space 44032K, 12% used [0x00000000c1e00000,0x00000000c2381098,0x00000000c4900000)
 Metaspace       used 20587K, capacity 21148K, committed 21248K, reserved 1067008K
  class space    used 2620K, capacity 2770K, committed 2816K, reserved 1048576K
Event: 3.807 GC heap after
Heap after GC invocations=8 (full 0):
 PSYoungGen      total 69632K, used 3851K [0x00000000eb500000, 0x00000000eff00000, 0x0000000100000000)
  eden space 65024K, 0% used [0x00000000eb500000,0x00000000eb500000,0x00000000ef480000)
  from space 4608K, 83% used [0x00000000ef980000,0x00000000efd42dd0,0x00000000efe00000)
  to   space 5120K, 0% used [0x00000000ef480000,0x00000000ef480000,0x00000000ef980000)
 ParOldGen       total 44032K, used 6284K [0x00000000c1e00000, 0x00000000c4900000, 0x00000000eb500000)
  object space 44032K, 14% used [0x00000000c1e00000,0x00000000c2423098,0x00000000c4900000)
 Metaspace       used 20587K, capacity 21148K, committed 21248K, reserved 1067008K
  class space    used 2620K, capacity 2770K, committed 2816K, reserved 1048576K
}
Event: 3.807 GC heap before
{Heap before GC invocations=9 (full 1):
 PSYoungGen      total 69632K, used 3851K [0x00000000eb500000, 0x00000000eff00000, 0x0000000100000000)
  eden space 65024K, 0% used [0x00000000eb500000,0x00000000eb500000,0x00000000ef480000)
  from space 4608K, 83% used [0x00000000ef980000,0x00000000efd42dd0,0x00000000efe00000)
  to   space 5120K, 0% used [0x00000000ef480000,0x00000000ef480000,0x00000000ef980000)
 ParOldGen       total 44032K, used 6284K [0x00000000c1e00000, 0x00000000c4900000, 0x00000000eb500000)
  object space 44032K, 14% used [0x00000000c1e00000,0x00000000c2423098,0x00000000c4900000)
 Metaspace       used 20587K, capacity 21148K, committed 21248K, reserved 1067008K
  class space    used 2620K, capacity 2770K, committed 2816K, reserved 1048576K
Event: 3.851 GC heap after
Heap after GC invocations=9 (full 1):
 PSYoungGen      total 69632K, used 0K [0x00000000eb500000, 0x00000000eff00000, 0x0000000100000000)
  eden space 65024K, 0% used [0x00000000eb500000,0x00000000eb500000,0x00000000ef480000)
  from space 4608K, 0% used [0x00000000ef980000,0x00000000ef980000,0x00000000efe00000)
  to   space 5120K, 0% used [0x00000000ef480000,0x00000000ef480000,0x00000000ef980000)
 ParOldGen       total 32256K, used 7568K [0x00000000c1e00000, 0x00000000c3d80000, 0x00000000eb500000)
  object space 32256K, 23% used [0x00000000c1e00000,0x00000000c25641a0,0x00000000c3d80000)
 Metaspace       used 20587K, capacity 21148K, committed 21248K, reserved 1067008K
  class space    used 2620K, capacity 2770K, committed 2816K, reserved 1048576K
}
Event: 4.518 GC heap before
{Heap before GC invocations=10 (full 1):
 PSYoungGen      total 69632K, used 65024K [0x00000000eb500000, 0x00000000eff00000, 0x0000000100000000)
  eden space 65024K, 100% used [0x00000000eb500000,0x00000000ef480000,0x00000000ef480000)
  from space 4608K, 0% used [0x00000000ef980000,0x00000000ef980000,0x00000000efe00000)
  to   space 5120K, 0% used [0x00000000ef480000,0x00000000ef480000,0x00000000ef980000)
 ParOldGen       total 32256K, used 7568K [0x00000000c1e00000, 0x00000000c3d80000, 0x00000000eb500000)
  object space 32256K, 23% used [0x00000000c1e00000,0x00000000c25641a0,0x00000000c3d80000)
 Metaspace       used 23227K, capacity 23890K, committed 24192K, reserved 1071104K
  class space    used 2932K, capacity 3073K, committed 3200K, reserved 1048576K
Event: 4.525 GC heap after
Heap after GC invocations=10 (full 1):
 PSYoungGen      total 70144K, used 4917K [0x00000000eb500000, 0x00000000eff00000, 0x0000000100000000)
  eden space 65024K, 0% used [0x00000000eb500000,0x00000000eb500000,0x00000000ef480000)
  from space 5120K, 96% used [0x00000000ef480000,0x00000000ef94d448,0x00000000ef980000)
  to   space 4608K, 0% used [0x00000000ef980000,0x00000000ef980000,0x00000000efe00000)
 ParOldGen       total 32256K, used 7576K [0x00000000c1e00000, 0x00000000c3d80000, 0x00000000eb500000)
  object space 32256K, 23% used [0x00000000c1e00000,0x00000000c25661a0,0x00000000c3d80000)
 Metaspace       used 23227K, capacity 23890K, committed 24192K, reserved 1071104K
  class space    used 2932K, capacity 3073K, committed 3200K, reserved 1048576K
}
Event: 5.268 GC heap before
{Heap before GC invocations=11 (full 1):
 PSYoungGen      total 70144K, used 69941K [0x00000000eb500000, 0x00000000eff00000, 0x0000000100000000)
  eden space 65024K, 100% used [0x00000000eb500000,0x00000000ef480000,0x00000000ef480000)
  from space 5120K, 96% used [0x00000000ef480000,0x00000000ef94d448,0x00000000ef980000)
  to   space 4608K, 0% used [0x00000000ef980000,0x00000000ef980000,0x00000000efe00000)
 ParOldGen       total 32256K, used 7576K [0x00000000c1e00000, 0x00000000c3d80000, 0x00000000eb500000)
  object space 32256K, 23% used [0x00000000c1e00000,0x00000000c25661a0,0x00000000c3d80000)
 Metaspace       used 24195K, capacity 24868K, committed 25088K, reserved 1071104K
  class space    used 3062K, capacity 3230K, committed 3328K, reserved 1048576K
Event: 5.284 GC heap after
Heap after GC invocations=11 (full 1):
 PSYoungGen      total 69632K, used 4606K [0x00000000eb500000, 0x00000000eff00000, 0x0000000100000000)
  eden space 65024K, 0% used [0x00000000eb500000,0x00000000eb500000,0x00000000ef480000)
  from space 4608K, 99% used [0x00000000ef980000,0x00000000efdffa10,0x00000000efe00000)
  to   space 5120K, 0% used [0x00000000ef480000,0x00000000ef480000,0x00000000ef980000)
 ParOldGen       total 32256K, used 12564K [0x00000000c1e00000, 0x00000000c3d80000, 0x00000000eb500000)
  object space 32256K, 38% used [0x00000000c1e00000,0x00000000c2a45318,0x00000000c3d80000)
 Metaspace       used 24195K, capacity 24868K, committed 25088K, reserved 1071104K
  class space    used 3062K, capacity 3230K, committed 3328K, reserved 1048576K
}

