# JRE version: Java(TM) SE Runtime Environment (8.0_211-b12) (build 1.8.0_211-b12)
# Java VM: Java HotSpot(TM) 64-Bit Server VM (25.211-b12 mixed mode windows-amd64 compressed oops)
Heap:
 PSYoungGen      total 71680K, used 7157K [0x00000000eb500000, 0x00000000f4100000, 0x0000000100000000)
  eden space 64512K, 0% used [0x00000000eb500000,0x00000000eb500000,0x00000000ef400000)
  from space 7168K, 99% used [0x00000000f3a00000,0x00000000f40fd670,0x00000000f4100000)
  to   space 5120K, 0% used [0x00000000ef400000,0x00000000ef400000,0x00000000ef900000)
 ParOldGen       total 44032K, used 8891K [0x00000000c1e00000, 0x00000000c4900000, 0x00000000eb500000)
  object space 44032K, 20% used [0x00000000c1e00000,0x00000000c26aeff0,0x00000000c4900000)
 Metaspace       used 20881K, capacity 21046K, committed 21248K, reserved 1069056K
  class space    used 2498K, capacity 2554K, committed 2560K, reserved 1048576K
GC Heap History (10 events):
Event: 2.305 GC heap after
Heap after GC invocations=4 (full 0):
 PSYoungGen      total 35328K, used 2529K [0x00000000eb500000, 0x00000000eda00000, 0x0000000100000000)
  eden space 32768K, 0% used [0x00000000eb500000,0x00000000eb500000,0x00000000ed500000)
  from space 2560K, 98% used [0x00000000ed780000,0x00000000ed9f8478,0x00000000eda00000)
  to   space 2560K, 0% used [0x00000000ed500000,0x00000000ed500000,0x00000000ed780000)
 ParOldGen       total 44032K, used 745K [0x00000000c1e00000, 0x00000000c4900000, 0x00000000eb500000)
  object space 44032K, 1% used [0x00000000c1e00000,0x00000000c1eba540,0x00000000c4900000)
 Metaspace       used 9764K, capacity 9908K, committed 10112K, reserved 1058816K
  class space    used 1138K, capacity 1146K, committed 1152K, reserved 1048576K
}
Event: 2.797 GC heap before
{Heap before GC invocations=5 (full 0):
 PSYoungGen      total 35328K, used 35297K [0x00000000eb500000, 0x00000000eda00000, 0x0000000100000000)
  eden space 32768K, 100% used [0x00000000eb500000,0x00000000ed500000,0x00000000ed500000)
  from space 2560K, 98% used [0x00000000ed780000,0x00000000ed9f8478,0x00000000eda00000)
  to   space 2560K, 0% used [0x00000000ed500000,0x00000000ed500000,0x00000000ed780000)
 ParOldGen       total 44032K, used 745K [0x00000000c1e00000, 0x00000000c4900000, 0x00000000eb500000)
  object space 44032K, 1% used [0x00000000c1e00000,0x00000000c1eba540,0x00000000c4900000)
 Metaspace       used 11823K, capacity 11956K, committed 12288K, reserved 1060864K
  class space    used 1444K, capacity 1466K, committed 1536K, reserved 1048576K
Event: 2.806 GC heap after
Heap after GC invocations=5 (full 0):
 PSYoungGen      total 35328K, used 2545K [0x00000000eb500000, 0x00000000efd00000, 0x0000000100000000)
  eden space 32768K, 0% used [0x00000000eb500000,0x00000000eb500000,0x00000000ed500000)
  from space 2560K, 99% used [0x00000000ed500000,0x00000000ed77c760,0x00000000ed780000)
  to   space 4096K, 0% used [0x00000000ef900000,0x00000000ef900000,0x00000000efd00000)
 ParOldGen       total 44032K, used 2216K [0x00000000c1e00000, 0x00000000c4900000, 0x00000000eb500000)
  object space 44032K, 5% used [0x00000000c1e00000,0x00000000c202a388,0x00000000c4900000)
 Metaspace       used 11823K, capacity 11956K, committed 12288K, reserved 1060864K
  class space    used 1444K, capacity 1466K, committed 1536K, reserved 1048576K
}
Event: 3.023 GC heap before
{Heap before GC invocations=6 (full 0):
 PSYoungGen      total 35328K, used 35313K [0x00000000eb500000, 0x00000000efd00000, 0x0000000100000000)
  eden space 32768K, 100% used [0x00000000eb500000,0x00000000ed500000,0x00000000ed500000)
  from space 2560K, 99% used [0x00000000ed500000,0x00000000ed77c760,0x00000000ed780000)
  to   space 4096K, 0% used [0x00000000ef900000,0x00000000ef900000,0x00000000efd00000)
 ParOldGen       total 44032K, used 2216K [0x00000000c1e00000, 0x00000000c4900000, 0x00000000eb500000)
  object space 44032K, 5% used [0x00000000c1e00000,0x00000000c202a388,0x00000000c4900000)
 Metaspace       used 13915K, capacity 14074K, committed 14336K, reserved 1062912K
  class space    used 1686K, capacity 1723K, committed 1792K, reserved 1048576K
Event: 3.031 GC heap after
Heap after GC invocations=6 (full 0):
 PSYoungGen      total 68608K, used 4071K [0x00000000eb500000, 0x00000000eff00000, 0x0000000100000000)
  eden space 64512K, 0% used [0x00000000eb500000,0x00000000eb500000,0x00000000ef400000)
  from space 4096K, 99% used [0x00000000ef900000,0x00000000efcf9da0,0x00000000efd00000)
  to   space 5120K, 0% used [0x00000000ef400000,0x00000000ef400000,0x00000000ef900000)
 ParOldGen       total 44032K, used 2933K [0x00000000c1e00000, 0x00000000c4900000, 0x00000000eb500000)
  object space 44032K, 6% used [0x00000000c1e00000,0x00000000c20dd6d0,0x00000000c4900000)
 Metaspace       used 13915K, capacity 14074K, committed 14336K, reserved 1062912K
  class space    used 1686K, capacity 1723K, committed 1792K, reserved 1048576K
}
Event: 3.532 GC heap before
{Heap before GC invocations=7 (full 0):
 PSYoungGen      total 68608K, used 68583K [0x00000000eb500000, 0x00000000eff00000, 0x0000000100000000)
  eden space 64512K, 100% used [0x00000000eb500000,0x00000000ef400000,0x00000000ef400000)
  from space 4096K, 99% used [0x00000000ef900000,0x00000000efcf9da0,0x00000000efd00000)
  to   space 5120K, 0% used [0x00000000ef400000,0x00000000ef400000,0x00000000ef900000)
 ParOldGen       total 44032K, used 2933K [0x00000000c1e00000, 0x00000000c4900000, 0x00000000eb500000)
  object space 44032K, 6% used [0x00000000c1e00000,0x00000000c20dd6d0,0x00000000c4900000)
 Metaspace       used 17917K, capacity 18092K, committed 18432K, reserved 1064960K
  class space    used 2184K, capacity 2206K, committed 2304K, reserved 1048576K
Event: 3.548 GC heap after
Heap after GC invocations=7 (full 0):
 PSYoungGen      total 69632K, used 5113K [0x00000000eb500000, 0x00000000f4100000, 0x0000000100000000)
  eden space 64512K, 0% used [0x00000000eb500000,0x00000000eb500000,0x00000000ef400000)
  from space 5120K, 99% used [0x00000000ef400000,0x00000000ef8fe778,0x00000000ef900000)
  to   space 7168K, 0% used [0x00000000f3a00000,0x00000000f3a00000,0x00000000f4100000)
 ParOldGen       total 44032K, used 5306K [0x00000000c1e00000, 0x00000000c4900000, 0x00000000eb500000)
  object space 44032K, 12% used [0x00000000c1e00000,0x00000000c232e960,0x00000000c4900000)
 Metaspace       used 17917K, capacity 18092K, committed 18432K, reserved 1064960K
  class space    used 2184K, capacity 2206K, committed 2304K, reserved 1048576K
}
Event: 4.289 GC heap before
{Heap before GC invocations=8 (full 0):
 PSYoungGen      total 69632K, used 68483K [0x00000000eb500000, 0x00000000f4100000, 0x0000000100000000)
  eden space 64512K, 98% used [0x00000000eb500000,0x00000000ef2e24e8,0x00000000ef400000)
  from space 5120K, 99% used [0x00000000ef400000,0x00000000ef8fe778,0x00000000ef900000)
  to   space 7168K, 0% used [0x00000000f3a00000,0x00000000f3a00000,0x00000000f4100000)
 ParOldGen       total 44032K, used 5306K [0x00000000c1e00000, 0x00000000c4900000, 0x00000000eb500000)
  object space 44032K, 12% used [0x00000000c1e00000,0x00000000c232e960,0x00000000c4900000)
 Metaspace       used 20881K, capacity 21046K, committed 21248K, reserved 1069056K
  class space    used 2498K, capacity 2554K, committed 2560K, reserved 1048576K
Event: 4.309 GC heap after
Heap after GC invocations=8 (full 0):
 PSYoungGen      total 71680K, used 7157K [0x00000000eb500000, 0x00000000f4100000, 0x0000000100000000)
  eden space 64512K, 0% used [0x00000000eb500000,0x00000000eb500000,0x00000000ef400000)
  from space 7168K, 99% used [0x00000000f3a00000,0x00000000f40fd670,0x00000000f4100000)
  to   space 5120K, 0% used [0x00000000ef400000,0x00000000ef400000,0x00000000ef900000)
 ParOldGen       total 44032K, used 8891K [0x00000000c1e00000, 0x00000000c4900000, 0x00000000eb500000)
  object space 44032K, 20% used [0x00000000c1e00000,0x00000000c26aeff0,0x00000000c4900000)
 Metaspace       used 20881K, capacity 21046K, committed 21248K, reserved 1069056K
  class space    used 2498K, capacity 2554K, committed 2560K, reserved 1048576K
}
Event: 4.309 GC heap before
{Heap before GC invocations=9 (full 1):
 PSYoungGen      total 71680K, used 7157K [0x00000000eb500000, 0x00000000f4100000, 0x0000000100000000)
  eden space 64512K, 0% used [0x00000000eb500000,0x00000000eb500000,0x00000000ef400000)
  from space 7168K, 99% used [0x00000000f3a00000,0x00000000f40fd670,0x00000000f4100000)
  to   space 5120K, 0% used [0x00000000ef400000,0x00000000ef400000,0x00000000ef900000)
 ParOldGen       total 44032K, used 8891K [0x00000000c1e00000, 0x00000000c4900000, 0x00000000eb500000)
  object space 44032K, 20% used [0x00000000c1e00000,0x00000000c26aeff0,0x00000000c4900000)
 Metaspace       used 20881K, capacity 21046K, committed 21248K, reserved 1069056K
  class space    used 2498K, capacity 2554K, committed 2560K, reserved 1048576K

