# JRE version: Java(TM) SE Runtime Environment (8.0_211-b12) (build 1.8.0_211-b12)
# Java VM: Java HotSpot(TM) 64-Bit Server VM (25.211-b12 mixed mode windows-amd64 compressed oops)
Heap:
 PSYoungGen      total 177664K, used 142777K [0x00000000eb500000, 0x00000000faa00000, 0x0000000100000000)
  eden space 164864K, 86% used [0x00000000eb500000,0x00000000f406e6b0,0x00000000f5600000)
  from space 12800K, 0% used [0x00000000f5600000,0x00000000f5600000,0x00000000f6280000)
  to   space 12288K, 0% used [0x00000000f9e00000,0x00000000f9e00000,0x00000000faa00000)
 ParOldGen       total 59904K, used 21944K [0x00000000c1e00000, 0x00000000c5880000, 0x00000000eb500000)
  object space 59904K, 36% used [0x00000000c1e00000,0x00000000c336e0f0,0x00000000c5880000)
 Metaspace       used 39221K, capacity 40872K, committed 41176K, reserved 1085440K
  class space    used 4999K, capacity 5298K, committed 5376K, reserved 1048576K
GC Heap History (10 events):
Event: 6.652 GC heap before
{Heap before GC invocations=13 (full 1):
 PSYoungGen      total 105984K, used 105966K [0x00000000eb500000, 0x00000000f3c00000, 0x0000000100000000)
  eden space 100864K, 100% used [0x00000000eb500000,0x00000000f1780000,0x00000000f1780000)
  from space 5120K, 99% used [0x00000000f1780000,0x00000000f1c7bb80,0x00000000f1c80000)
  to   space 8704K, 0% used [0x00000000f3380000,0x00000000f3380000,0x00000000f3c00000)
 ParOldGen       total 31744K, used 14826K [0x00000000c1e00000, 0x00000000c3d00000, 0x00000000eb500000)
  object space 31744K, 46% used [0x00000000c1e00000,0x00000000c2c7abd0,0x00000000c3d00000)
 Metaspace       used 25794K, capacity 26454K, committed 26496K, reserved 1073152K
  class space    used 3266K, capacity 3431K, committed 3456K, reserved 1048576K
Event: 6.685 GC heap after
Heap after GC invocations=13 (full 1):
 PSYoungGen      total 126976K, used 8675K [0x00000000eb500000, 0x00000000f5380000, 0x0000000100000000)
  eden space 118272K, 0% used [0x00000000eb500000,0x00000000eb500000,0x00000000f2880000)
  from space 8704K, 99% used [0x00000000f3380000,0x00000000f3bf8cb8,0x00000000f3c00000)
  to   space 11264K, 0% used [0x00000000f2880000,0x00000000f2880000,0x00000000f3380000)
 ParOldGen       total 31744K, used 18969K [0x00000000c1e00000, 0x00000000c3d00000, 0x00000000eb500000)
  object space 31744K, 59% used [0x00000000c1e00000,0x00000000c3086540,0x00000000c3d00000)
 Metaspace       used 25794K, capacity 26454K, committed 26496K, reserved 1073152K
  class space    used 3266K, capacity 3431K, committed 3456K, reserved 1048576K
}
Event: 7.859 GC heap before
{Heap before GC invocations=14 (full 1):
 PSYoungGen      total 126976K, used 126922K [0x00000000eb500000, 0x00000000f5380000, 0x0000000100000000)
  eden space 118272K, 99% used [0x00000000eb500000,0x00000000f2879f40,0x00000000f2880000)
  from space 8704K, 99% used [0x00000000f3380000,0x00000000f3bf8cb8,0x00000000f3c00000)
  to   space 11264K, 0% used [0x00000000f2880000,0x00000000f2880000,0x00000000f3380000)
 ParOldGen       total 31744K, used 18969K [0x00000000c1e00000, 0x00000000c3d00000, 0x00000000eb500000)
  object space 31744K, 59% used [0x00000000c1e00000,0x00000000c3086540,0x00000000c3d00000)
 Metaspace       used 27263K, capacity 27996K, committed 28288K, reserved 1073152K
  class space    used 3458K, capacity 3662K, committed 3712K, reserved 1048576K
Event: 7.917 GC heap after
Heap after GC invocations=14 (full 1):
 PSYoungGen      total 129536K, used 9971K [0x00000000eb500000, 0x00000000f7000000, 0x0000000100000000)
  eden space 118272K, 0% used [0x00000000eb500000,0x00000000eb500000,0x00000000f2880000)
  from space 11264K, 88% used [0x00000000f2880000,0x00000000f323ccb8,0x00000000f3380000)
  to   space 12288K, 0% used [0x00000000f6400000,0x00000000f6400000,0x00000000f7000000)
 ParOldGen       total 31744K, used 21553K [0x00000000c1e00000, 0x00000000c3d00000, 0x00000000eb500000)
  object space 31744K, 67% used [0x00000000c1e00000,0x00000000c330c540,0x00000000c3d00000)
 Metaspace       used 27263K, capacity 27996K, committed 28288K, reserved 1073152K
  class space    used 3458K, capacity 3662K, committed 3712K, reserved 1048576K
}
Event: 9.093 GC heap before
{Heap before GC invocations=15 (full 1):
 PSYoungGen      total 129536K, used 128243K [0x00000000eb500000, 0x00000000f7000000, 0x0000000100000000)
  eden space 118272K, 100% used [0x00000000eb500000,0x00000000f2880000,0x00000000f2880000)
  from space 11264K, 88% used [0x00000000f2880000,0x00000000f323ccb8,0x00000000f3380000)
  to   space 12288K, 0% used [0x00000000f6400000,0x00000000f6400000,0x00000000f7000000)
 ParOldGen       total 31744K, used 21553K [0x00000000c1e00000, 0x00000000c3d00000, 0x00000000eb500000)
  object space 31744K, 67% used [0x00000000c1e00000,0x00000000c330c540,0x00000000c3d00000)
 Metaspace       used 30571K, capacity 31650K, committed 31872K, reserved 1077248K
  class space    used 3932K, capacity 4191K, committed 4224K, reserved 1048576K
Event: 9.111 GC heap after
Heap after GC invocations=15 (full 1):
 PSYoungGen      total 176128K, used 8280K [0x00000000eb500000, 0x00000000f6f00000, 0x0000000100000000)
  eden space 164864K, 0% used [0x00000000eb500000,0x00000000eb500000,0x00000000f5600000)
  from space 11264K, 73% used [0x00000000f6400000,0x00000000f6c160f8,0x00000000f6f00000)
  to   space 12800K, 0% used [0x00000000f5600000,0x00000000f5600000,0x00000000f6280000)
 ParOldGen       total 31744K, used 24173K [0x00000000c1e00000, 0x00000000c3d00000, 0x00000000eb500000)
  object space 31744K, 76% used [0x00000000c1e00000,0x00000000c359b430,0x00000000c3d00000)
 Metaspace       used 30571K, capacity 31650K, committed 31872K, reserved 1077248K
  class space    used 3932K, capacity 4191K, committed 4224K, reserved 1048576K
}
Event: 10.962 GC heap before
{Heap before GC invocations=16 (full 1):
 PSYoungGen      total 176128K, used 116956K [0x00000000eb500000, 0x00000000f6f00000, 0x0000000100000000)
  eden space 164864K, 65% used [0x00000000eb500000,0x00000000f1f20f48,0x00000000f5600000)
  from space 11264K, 73% used [0x00000000f6400000,0x00000000f6c160f8,0x00000000f6f00000)
  to   space 12800K, 0% used [0x00000000f5600000,0x00000000f5600000,0x00000000f6280000)
 ParOldGen       total 31744K, used 24173K [0x00000000c1e00000, 0x00000000c3d00000, 0x00000000eb500000)
  object space 31744K, 76% used [0x00000000c1e00000,0x00000000c359b430,0x00000000c3d00000)
 Metaspace       used 33727K, capacity 35326K, committed 35416K, reserved 1079296K
  class space    used 4341K, capacity 4655K, committed 4736K, reserved 1048576K
Event: 10.982 GC heap after
Heap after GC invocations=16 (full 1):
 PSYoungGen      total 177664K, used 4948K [0x00000000eb500000, 0x00000000faa00000, 0x0000000100000000)
  eden space 164864K, 0% used [0x00000000eb500000,0x00000000eb500000,0x00000000f5600000)
  from space 12800K, 38% used [0x00000000f5600000,0x00000000f5ad5078,0x00000000f6280000)
  to   space 12288K, 0% used [0x00000000f9e00000,0x00000000f9e00000,0x00000000faa00000)
 ParOldGen       total 31744K, used 27356K [0x00000000c1e00000, 0x00000000c3d00000, 0x00000000eb500000)
  object space 31744K, 86% used [0x00000000c1e00000,0x00000000c38b7248,0x00000000c3d00000)
 Metaspace       used 33727K, capacity 35326K, committed 35416K, reserved 1079296K
  class space    used 4341K, capacity 4655K, committed 4736K, reserved 1048576K
}
Event: 10.982 GC heap before
{Heap before GC invocations=17 (full 2):
 PSYoungGen      total 177664K, used 4948K [0x00000000eb500000, 0x00000000faa00000, 0x0000000100000000)
  eden space 164864K, 0% used [0x00000000eb500000,0x00000000eb500000,0x00000000f5600000)
  from space 12800K, 38% used [0x00000000f5600000,0x00000000f5ad5078,0x00000000f6280000)
  to   space 12288K, 0% used [0x00000000f9e00000,0x00000000f9e00000,0x00000000faa00000)
 ParOldGen       total 31744K, used 27356K [0x00000000c1e00000, 0x00000000c3d00000, 0x00000000eb500000)
  object space 31744K, 86% used [0x00000000c1e00000,0x00000000c38b7248,0x00000000c3d00000)
 Metaspace       used 33727K, capacity 35326K, committed 35416K, reserved 1079296K
  class space    used 4341K, capacity 4655K, committed 4736K, reserved 1048576K
Event: 11.129 GC heap after
Heap after GC invocations=17 (full 2):
 PSYoungGen      total 177664K, used 0K [0x00000000eb500000, 0x00000000faa00000, 0x0000000100000000)
  eden space 164864K, 0% used [0x00000000eb500000,0x00000000eb500000,0x00000000f5600000)
  from space 12800K, 0% used [0x00000000f5600000,0x00000000f5600000,0x00000000f6280000)
  to   space 12288K, 0% used [0x00000000f9e00000,0x00000000f9e00000,0x00000000faa00000)
 ParOldGen       total 59904K, used 21944K [0x00000000c1e00000, 0x00000000c5880000, 0x00000000eb500000)
  object space 59904K, 36% used [0x00000000c1e00000,0x00000000c336e0f0,0x00000000c5880000)
 Metaspace       used 33727K, capacity 35326K, committed 35416K, reserved 1079296K
  class space    used 4341K, capacity 4655K, committed 4736K, reserved 1048576K
}

