# JRE version: Java(TM) SE Runtime Environment (8.0_211-b12) (build 1.8.0_211-b12)
# Java VM: Java HotSpot(TM) 64-Bit Server VM (25.211-b12 mixed mode windows-amd64 compressed oops)
Heap:
 PSYoungGen      total 212480K, used 9215K [0x00000000eb500000, 0x00000000ff700000, 0x0000000100000000)
  eden space 203264K, 0% used [0x00000000eb500000,0x00000000eb500000,0x00000000f7b80000)
  from space 9216K, 99% used [0x00000000f7b80000,0x00000000f847ff18,0x00000000f8480000)
  to   space 16384K, 0% used [0x00000000fe700000,0x00000000fe700000,0x00000000ff700000)
 ParOldGen       total 26112K, used 25245K [0x00000000c1e00000, 0x00000000c3780000, 0x00000000eb500000)
  object space 26112K, 96% used [0x00000000c1e00000,0x00000000c36a76a8,0x00000000c3780000)
 Metaspace       used 26754K, capacity 27464K, committed 27648K, reserved 1073152K
  class space    used 3389K, capacity 3568K, committed 3584K, reserved 1048576K
GC Heap History (10 events):
Event: 7.368 GC heap after
Heap after GC invocations=8 (full 0):
 PSYoungGen      total 136192K, used 3679K [0x00000000eb500000, 0x00000000f4100000, 0x0000000100000000)
  eden space 130048K, 0% used [0x00000000eb500000,0x00000000eb500000,0x00000000f3400000)
  from space 6144K, 59% used [0x00000000f3b00000,0x00000000f3e97cc0,0x00000000f4100000)
  to   space 6656K, 0% used [0x00000000f3400000,0x00000000f3400000,0x00000000f3a80000)
 ParOldGen       total 44032K, used 5512K [0x00000000c1e00000, 0x00000000c4900000, 0x00000000eb500000)
  object space 44032K, 12% used [0x00000000c1e00000,0x00000000c23621e0,0x00000000c4900000)
 Metaspace       used 20607K, capacity 21210K, committed 21504K, reserved 1069056K
  class space    used 2624K, capacity 2767K, committed 2816K, reserved 1048576K
}
Event: 7.406 GC heap before
{Heap before GC invocations=9 (full 0):
 PSYoungGen      total 136192K, used 11338K [0x00000000eb500000, 0x00000000f4100000, 0x0000000100000000)
  eden space 130048K, 5% used [0x00000000eb500000,0x00000000ebc7ac58,0x00000000f3400000)
  from space 6144K, 59% used [0x00000000f3b00000,0x00000000f3e97cc0,0x00000000f4100000)
  to   space 6656K, 0% used [0x00000000f3400000,0x00000000f3400000,0x00000000f3a80000)
 ParOldGen       total 44032K, used 5512K [0x00000000c1e00000, 0x00000000c4900000, 0x00000000eb500000)
  object space 44032K, 12% used [0x00000000c1e00000,0x00000000c23621e0,0x00000000c4900000)
 Metaspace       used 20954K, capacity 21500K, committed 21628K, reserved 1069056K
  class space    used 2654K, capacity 2800K, committed 2816K, reserved 1048576K
Event: 7.414 GC heap after
Heap after GC invocations=9 (full 0):
 PSYoungGen      total 136704K, used 1522K [0x00000000eb500000, 0x00000000f8d80000, 0x0000000100000000)
  eden space 130048K, 0% used [0x00000000eb500000,0x00000000eb500000,0x00000000f3400000)
  from space 6656K, 22% used [0x00000000f3400000,0x00000000f357cb18,0x00000000f3a80000)
  to   space 6656K, 0% used [0x00000000f8700000,0x00000000f8700000,0x00000000f8d80000)
 ParOldGen       total 44032K, used 6772K [0x00000000c1e00000, 0x00000000c4900000, 0x00000000eb500000)
  object space 44032K, 15% used [0x00000000c1e00000,0x00000000c249d3c8,0x00000000c4900000)
 Metaspace       used 20954K, capacity 21500K, committed 21628K, reserved 1069056K
  class space    used 2654K, capacity 2800K, committed 2816K, reserved 1048576K
}
Event: 7.414 GC heap before
{Heap before GC invocations=10 (full 1):
 PSYoungGen      total 136704K, used 1522K [0x00000000eb500000, 0x00000000f8d80000, 0x0000000100000000)
  eden space 130048K, 0% used [0x00000000eb500000,0x00000000eb500000,0x00000000f3400000)
  from space 6656K, 22% used [0x00000000f3400000,0x00000000f357cb18,0x00000000f3a80000)
  to   space 6656K, 0% used [0x00000000f8700000,0x00000000f8700000,0x00000000f8d80000)
 ParOldGen       total 44032K, used 6772K [0x00000000c1e00000, 0x00000000c4900000, 0x00000000eb500000)
  object space 44032K, 15% used [0x00000000c1e00000,0x00000000c249d3c8,0x00000000c4900000)
 Metaspace       used 20954K, capacity 21500K, committed 21628K, reserved 1069056K
  class space    used 2654K, capacity 2800K, committed 2816K, reserved 1048576K
Event: 7.475 GC heap after
Heap after GC invocations=10 (full 1):
 PSYoungGen      total 136704K, used 0K [0x00000000eb500000, 0x00000000f8d80000, 0x0000000100000000)
  eden space 130048K, 0% used [0x00000000eb500000,0x00000000eb500000,0x00000000f3400000)
  from space 6656K, 0% used [0x00000000f3400000,0x00000000f3400000,0x00000000f3a80000)
  to   space 6656K, 0% used [0x00000000f8700000,0x00000000f8700000,0x00000000f8d80000)
 ParOldGen       total 26112K, used 5177K [0x00000000c1e00000, 0x00000000c3780000, 0x00000000eb500000)
  object space 26112K, 19% used [0x00000000c1e00000,0x00000000c230e788,0x00000000c3780000)
 Metaspace       used 20954K, capacity 21500K, committed 21628K, reserved 1069056K
  class space    used 2654K, capacity 2800K, committed 2816K, reserved 1048576K
}
Event: 8.619 GC heap before
{Heap before GC invocations=11 (full 1):
 PSYoungGen      total 136704K, used 130048K [0x00000000eb500000, 0x00000000f8d80000, 0x0000000100000000)
  eden space 130048K, 100% used [0x00000000eb500000,0x00000000f3400000,0x00000000f3400000)
  from space 6656K, 0% used [0x00000000f3400000,0x00000000f3400000,0x00000000f3a80000)
  to   space 6656K, 0% used [0x00000000f8700000,0x00000000f8700000,0x00000000f8d80000)
 ParOldGen       total 26112K, used 5177K [0x00000000c1e00000, 0x00000000c3780000, 0x00000000eb500000)
  object space 26112K, 19% used [0x00000000c1e00000,0x00000000c230e788,0x00000000c3780000)
 Metaspace       used 24786K, capacity 25376K, committed 25600K, reserved 1071104K
  class space    used 3142K, capacity 3294K, committed 3328K, reserved 1048576K
Event: 8.635 GC heap after
Heap after GC invocations=11 (full 1):
 PSYoungGen      total 204288K, used 6646K [0x00000000eb500000, 0x00000000f8d80000, 0x0000000100000000)
  eden space 197632K, 0% used [0x00000000eb500000,0x00000000eb500000,0x00000000f7600000)
  from space 6656K, 99% used [0x00000000f8700000,0x00000000f8d7d980,0x00000000f8d80000)
  to   space 9216K, 0% used [0x00000000f7b80000,0x00000000f7b80000,0x00000000f8480000)
 ParOldGen       total 26112K, used 9507K [0x00000000c1e00000, 0x00000000c3780000, 0x00000000eb500000)
  object space 26112K, 36% used [0x00000000c1e00000,0x00000000c2748e28,0x00000000c3780000)
 Metaspace       used 24786K, capacity 25376K, committed 25600K, reserved 1071104K
  class space    used 3142K, capacity 3294K, committed 3328K, reserved 1048576K
}
Event: 12.009 GC heap before
{Heap before GC invocations=12 (full 1):
 PSYoungGen      total 204288K, used 204278K [0x00000000eb500000, 0x00000000f8d80000, 0x0000000100000000)
  eden space 197632K, 100% used [0x00000000eb500000,0x00000000f7600000,0x00000000f7600000)
  from space 6656K, 99% used [0x00000000f8700000,0x00000000f8d7d980,0x00000000f8d80000)
  to   space 9216K, 0% used [0x00000000f7b80000,0x00000000f7b80000,0x00000000f8480000)
 ParOldGen       total 26112K, used 9507K [0x00000000c1e00000, 0x00000000c3780000, 0x00000000eb500000)
  object space 26112K, 36% used [0x00000000c1e00000,0x00000000c2748e28,0x00000000c3780000)
 Metaspace       used 26754K, capacity 27464K, committed 27648K, reserved 1073152K
  class space    used 3389K, capacity 3568K, committed 3584K, reserved 1048576K
Event: 12.069 GC heap after
Heap after GC invocations=12 (full 1):
 PSYoungGen      total 212480K, used 9215K [0x00000000eb500000, 0x00000000ff700000, 0x0000000100000000)
  eden space 203264K, 0% used [0x00000000eb500000,0x00000000eb500000,0x00000000f7b80000)
  from space 9216K, 99% used [0x00000000f7b80000,0x00000000f847ff18,0x00000000f8480000)
  to   space 16384K, 0% used [0x00000000fe700000,0x00000000fe700000,0x00000000ff700000)
 ParOldGen       total 26112K, used 25245K [0x00000000c1e00000, 0x00000000c3780000, 0x00000000eb500000)
  object space 26112K, 96% used [0x00000000c1e00000,0x00000000c36a76a8,0x00000000c3780000)
 Metaspace       used 26754K, capacity 27464K, committed 27648K, reserved 1073152K
  class space    used 3389K, capacity 3568K, committed 3584K, reserved 1048576K
}
Event: 12.069 GC heap before
{Heap before GC invocations=13 (full 2):
 PSYoungGen      total 212480K, used 9215K [0x00000000eb500000, 0x00000000ff700000, 0x0000000100000000)
  eden space 203264K, 0% used [0x00000000eb500000,0x00000000eb500000,0x00000000f7b80000)
  from space 9216K, 99% used [0x00000000f7b80000,0x00000000f847ff18,0x00000000f8480000)
  to   space 16384K, 0% used [0x00000000fe700000,0x00000000fe700000,0x00000000ff700000)
 ParOldGen       total 26112K, used 25245K [0x00000000c1e00000, 0x00000000c3780000, 0x00000000eb500000)
  object space 26112K, 96% used [0x00000000c1e00000,0x00000000c36a76a8,0x00000000c3780000)
 Metaspace       used 26754K, capacity 27464K, committed 27648K, reserved 1073152K
  class space    used 3389K, capacity 3568K, committed 3584K, reserved 1048576K

