# JRE version: Java(TM) SE Runtime Environment (8.0_211-b12) (build 1.8.0_211-b12)
# Java VM: Java HotSpot(TM) 64-Bit Server VM (25.211-b12 mixed mode windows-amd64 compressed oops)
Heap:
 PSYoungGen      total 138752K, used 15798K [0x00000000eb500000, 0x00000000f4900000, 0x0000000100000000)
  eden space 128000K, 5% used [0x00000000eb500000,0x00000000ebc1f868,0x00000000f3200000)
  from space 10752K, 79% used [0x00000000f3e80000,0x00000000f46ce070,0x00000000f4900000)
  to   space 11776K, 0% used [0x00000000f3200000,0x00000000f3200000,0x00000000f3d80000)
 ParOldGen       total 30208K, used 15869K [0x00000000c1e00000, 0x00000000c3b80000, 0x00000000eb500000)
  object space 30208K, 52% used [0x00000000c1e00000,0x00000000c2d7f540,0x00000000c3b80000)
 Metaspace       used 25593K, capacity 26716K, committed 26880K, reserved 1075200K
  class space    used 3504K, capacity 3762K, committed 3840K, reserved 1048576K
GC Heap History (10 events):
Event: 11.930 GC heap before
{Heap before GC invocations=9 (full 1):
 PSYoungGen      total 72192K, used 64000K [0x00000000eb500000, 0x00000000f0500000, 0x0000000100000000)
  eden space 64000K, 100% used [0x00000000eb500000,0x00000000ef380000,0x00000000ef380000)
  from space 8192K, 0% used [0x00000000ef380000,0x00000000ef380000,0x00000000efb80000)
  to   space 6656K, 0% used [0x00000000efb80000,0x00000000efb80000,0x00000000f0200000)
 ParOldGen       total 30208K, used 7148K [0x00000000c1e00000, 0x00000000c3b80000, 0x00000000eb500000)
  object space 30208K, 23% used [0x00000000c1e00000,0x00000000c24fb130,0x00000000c3b80000)
 Metaspace       used 20911K, capacity 21582K, committed 21760K, reserved 1069056K
  class space    used 2795K, capacity 2982K, committed 3072K, reserved 1048576K
Event: 11.940 GC heap after
Heap after GC invocations=9 (full 1):
 PSYoungGen      total 70144K, used 6627K [0x00000000eb500000, 0x00000000f3680000, 0x0000000100000000)
  eden space 63488K, 0% used [0x00000000eb500000,0x00000000eb500000,0x00000000ef300000)
  from space 6656K, 99% used [0x00000000efb80000,0x00000000f01f8ff0,0x00000000f0200000)
  to   space 8704K, 0% used [0x00000000ef300000,0x00000000ef300000,0x00000000efb80000)
 ParOldGen       total 30208K, used 8622K [0x00000000c1e00000, 0x00000000c3b80000, 0x00000000eb500000)
  object space 30208K, 28% used [0x00000000c1e00000,0x00000000c266ba90,0x00000000c3b80000)
 Metaspace       used 20911K, capacity 21582K, committed 21760K, reserved 1069056K
  class space    used 2795K, capacity 2982K, committed 3072K, reserved 1048576K
}
Event: 12.828 GC heap before
{Heap before GC invocations=10 (full 1):
 PSYoungGen      total 70144K, used 70115K [0x00000000eb500000, 0x00000000f3680000, 0x0000000100000000)
  eden space 63488K, 100% used [0x00000000eb500000,0x00000000ef300000,0x00000000ef300000)
  from space 6656K, 99% used [0x00000000efb80000,0x00000000f01f8ff0,0x00000000f0200000)
  to   space 8704K, 0% used [0x00000000ef300000,0x00000000ef300000,0x00000000efb80000)
 ParOldGen       total 30208K, used 8622K [0x00000000c1e00000, 0x00000000c3b80000, 0x00000000eb500000)
  object space 30208K, 28% used [0x00000000c1e00000,0x00000000c266ba90,0x00000000c3b80000)
 Metaspace       used 20918K, capacity 21582K, committed 21760K, reserved 1069056K
  class space    used 2797K, capacity 2982K, committed 3072K, reserved 1048576K
Event: 12.845 GC heap after
Heap after GC invocations=10 (full 1):
 PSYoungGen      total 72192K, used 7223K [0x00000000eb500000, 0x00000000f2200000, 0x0000000100000000)
  eden space 63488K, 0% used [0x00000000eb500000,0x00000000eb500000,0x00000000ef300000)
  from space 8704K, 82% used [0x00000000ef300000,0x00000000efa0df90,0x00000000efb80000)
  to   space 9216K, 0% used [0x00000000f1900000,0x00000000f1900000,0x00000000f2200000)
 ParOldGen       total 30208K, used 8630K [0x00000000c1e00000, 0x00000000c3b80000, 0x00000000eb500000)
  object space 30208K, 28% used [0x00000000c1e00000,0x00000000c266da90,0x00000000c3b80000)
 Metaspace       used 20918K, capacity 21582K, committed 21760K, reserved 1069056K
  class space    used 2797K, capacity 2982K, committed 3072K, reserved 1048576K
}
Event: 13.801 GC heap before
{Heap before GC invocations=11 (full 1):
 PSYoungGen      total 72192K, used 70711K [0x00000000eb500000, 0x00000000f2200000, 0x0000000100000000)
  eden space 63488K, 100% used [0x00000000eb500000,0x00000000ef300000,0x00000000ef300000)
  from space 8704K, 82% used [0x00000000ef300000,0x00000000efa0df90,0x00000000efb80000)
  to   space 9216K, 0% used [0x00000000f1900000,0x00000000f1900000,0x00000000f2200000)
 ParOldGen       total 30208K, used 8630K [0x00000000c1e00000, 0x00000000c3b80000, 0x00000000eb500000)
  object space 30208K, 28% used [0x00000000c1e00000,0x00000000c266da90,0x00000000c3b80000)
 Metaspace       used 20918K, capacity 21582K, committed 21760K, reserved 1069056K
  class space    used 2797K, capacity 2982K, committed 3072K, reserved 1048576K
Event: 13.818 GC heap after
Heap after GC invocations=11 (full 1):
 PSYoungGen      total 100352K, used 9214K [0x00000000eb500000, 0x00000000f2500000, 0x0000000100000000)
  eden space 91136K, 0% used [0x00000000eb500000,0x00000000eb500000,0x00000000f0e00000)
  from space 9216K, 99% used [0x00000000f1900000,0x00000000f21ff978,0x00000000f2200000)
  to   space 11264K, 0% used [0x00000000f0e00000,0x00000000f0e00000,0x00000000f1900000)
 ParOldGen       total 30208K, used 10629K [0x00000000c1e00000, 0x00000000c3b80000, 0x00000000eb500000)
  object space 30208K, 35% used [0x00000000c1e00000,0x00000000c2861690,0x00000000c3b80000)
 Metaspace       used 20918K, capacity 21582K, committed 21760K, reserved 1069056K
  class space    used 2797K, capacity 2982K, committed 3072K, reserved 1048576K
}
Event: 15.276 GC heap before
{Heap before GC invocations=12 (full 1):
 PSYoungGen      total 100352K, used 100350K [0x00000000eb500000, 0x00000000f2500000, 0x0000000100000000)
  eden space 91136K, 100% used [0x00000000eb500000,0x00000000f0e00000,0x00000000f0e00000)
  from space 9216K, 99% used [0x00000000f1900000,0x00000000f21ff978,0x00000000f2200000)
  to   space 11264K, 0% used [0x00000000f0e00000,0x00000000f0e00000,0x00000000f1900000)
 ParOldGen       total 30208K, used 10629K [0x00000000c1e00000, 0x00000000c3b80000, 0x00000000eb500000)
  object space 30208K, 35% used [0x00000000c1e00000,0x00000000c2861690,0x00000000c3b80000)
 Metaspace       used 22312K, capacity 23154K, committed 23168K, reserved 1069056K
  class space    used 2998K, capacity 3194K, committed 3200K, reserved 1048576K
Event: 15.291 GC heap after
Heap after GC invocations=12 (full 1):
 PSYoungGen      total 102400K, used 7853K [0x00000000eb500000, 0x00000000f4980000, 0x0000000100000000)
  eden space 91136K, 0% used [0x00000000eb500000,0x00000000eb500000,0x00000000f0e00000)
  from space 11264K, 69% used [0x00000000f0e00000,0x00000000f15ab7f0,0x00000000f1900000)
  to   space 11264K, 0% used [0x00000000f3e80000,0x00000000f3e80000,0x00000000f4980000)
 ParOldGen       total 30208K, used 13853K [0x00000000c1e00000, 0x00000000c3b80000, 0x00000000eb500000)
  object space 30208K, 45% used [0x00000000c1e00000,0x00000000c2b876b0,0x00000000c3b80000)
 Metaspace       used 22312K, capacity 23154K, committed 23168K, reserved 1069056K
  class space    used 2998K, capacity 3194K, committed 3200K, reserved 1048576K
}
Event: 17.031 GC heap before
{Heap before GC invocations=13 (full 1):
 PSYoungGen      total 102400K, used 98989K [0x00000000eb500000, 0x00000000f4980000, 0x0000000100000000)
  eden space 91136K, 100% used [0x00000000eb500000,0x00000000f0e00000,0x00000000f0e00000)
  from space 11264K, 69% used [0x00000000f0e00000,0x00000000f15ab7f0,0x00000000f1900000)
  to   space 11264K, 0% used [0x00000000f3e80000,0x00000000f3e80000,0x00000000f4980000)
 ParOldGen       total 30208K, used 13853K [0x00000000c1e00000, 0x00000000c3b80000, 0x00000000eb500000)
  object space 30208K, 45% used [0x00000000c1e00000,0x00000000c2b876b0,0x00000000c3b80000)
 Metaspace       used 25279K, capacity 26422K, committed 26624K, reserved 1073152K
  class space    used 3463K, capacity 3729K, committed 3840K, reserved 1048576K
Event: 17.062 GC heap after
Heap after GC invocations=13 (full 1):
 PSYoungGen      total 138752K, used 8504K [0x00000000eb500000, 0x00000000f4900000, 0x0000000100000000)
  eden space 128000K, 0% used [0x00000000eb500000,0x00000000eb500000,0x00000000f3200000)
  from space 10752K, 79% used [0x00000000f3e80000,0x00000000f46ce070,0x00000000f4900000)
  to   space 11776K, 0% used [0x00000000f3200000,0x00000000f3200000,0x00000000f3d80000)
 ParOldGen       total 30208K, used 15869K [0x00000000c1e00000, 0x00000000c3b80000, 0x00000000eb500000)
  object space 30208K, 52% used [0x00000000c1e00000,0x00000000c2d7f540,0x00000000c3b80000)
 Metaspace       used 25279K, capacity 26422K, committed 26624K, reserved 1073152K
  class space    used 3463K, capacity 3729K, committed 3840K, reserved 1048576K
}

