# JRE version: Java(TM) SE Runtime Environment (8.0_211-b12) (build 1.8.0_211-b12)
# Java VM: Java HotSpot(TM) 64-Bit Server VM (25.211-b12 mixed mode windows-amd64 compressed oops)
Heap:
 PSYoungGen      total 225280K, used 113515K [0x00000000eb500000, 0x00000000fc280000, 0x0000000100000000)
  eden space 211968K, 48% used [0x00000000eb500000,0x00000000f19931e8,0x00000000f8400000)
  from space 13312K, 79% used [0x00000000f8400000,0x00000000f8e47ad8,0x00000000f9100000)
  to   space 14336K, 0% used [0x00000000fb480000,0x00000000fb480000,0x00000000fc280000)
 ParOldGen       total 60928K, used 29268K [0x00000000c1e00000, 0x00000000c5980000, 0x00000000eb500000)
  object space 60928K, 48% used [0x00000000c1e00000,0x00000000c3a953c0,0x00000000c5980000)
 Metaspace       used 53723K, capacity 55586K, committed 56024K, reserved 1097728K
  class space    used 7294K, capacity 7613K, committed 7680K, reserved 1048576K
GC Heap History (10 events):
Event: 11.834 GC heap before
{Heap before GC invocations=15 (full 1):
 PSYoungGen      total 128000K, used 126840K [0x00000000eb500000, 0x00000000f6b00000, 0x0000000100000000)
  eden space 116736K, 100% used [0x00000000eb500000,0x00000000f2700000,0x00000000f2700000)
  from space 11264K, 89% used [0x00000000f2700000,0x00000000f30de238,0x00000000f3200000)
  to   space 12288K, 0% used [0x00000000f5f00000,0x00000000f5f00000,0x00000000f6b00000)
 ParOldGen       total 32256K, used 21980K [0x00000000c1e00000, 0x00000000c3d80000, 0x00000000eb500000)
  object space 32256K, 68% used [0x00000000c1e00000,0x00000000c33771e0,0x00000000c3d80000)
 Metaspace       used 30337K, capacity 31478K, committed 31616K, reserved 1077248K
  class space    used 3910K, capacity 4159K, committed 4224K, reserved 1048576K
Event: 11.856 GC heap after
Heap after GC invocations=15 (full 1):
 PSYoungGen      total 172032K, used 8106K [0x00000000eb500000, 0x00000000f6a80000, 0x0000000100000000)
  eden space 160256K, 0% used [0x00000000eb500000,0x00000000eb500000,0x00000000f5180000)
  from space 11776K, 68% used [0x00000000f5f00000,0x00000000f66ea888,0x00000000f6a80000)
  to   space 12800K, 0% used [0x00000000f5180000,0x00000000f5180000,0x00000000f5e00000)
 ParOldGen       total 32256K, used 24628K [0x00000000c1e00000, 0x00000000c3d80000, 0x00000000eb500000)
  object space 32256K, 76% used [0x00000000c1e00000,0x00000000c360d0c0,0x00000000c3d80000)
 Metaspace       used 30337K, capacity 31478K, committed 31616K, reserved 1077248K
  class space    used 3910K, capacity 4159K, committed 4224K, reserved 1048576K
}
Event: 15.758 GC heap before
{Heap before GC invocations=16 (full 1):
 PSYoungGen      total 172032K, used 119370K [0x00000000eb500000, 0x00000000f6a80000, 0x0000000100000000)
  eden space 160256K, 69% used [0x00000000eb500000,0x00000000f21a80f0,0x00000000f5180000)
  from space 11776K, 68% used [0x00000000f5f00000,0x00000000f66ea888,0x00000000f6a80000)
  to   space 12800K, 0% used [0x00000000f5180000,0x00000000f5180000,0x00000000f5e00000)
 ParOldGen       total 32256K, used 24628K [0x00000000c1e00000, 0x00000000c3d80000, 0x00000000eb500000)
  object space 32256K, 76% used [0x00000000c1e00000,0x00000000c360d0c0,0x00000000c3d80000)
 Metaspace       used 33709K, capacity 35318K, committed 35416K, reserved 1079296K
  class space    used 4340K, capacity 4655K, committed 4736K, reserved 1048576K
Event: 15.780 GC heap after
Heap after GC invocations=16 (full 1):
 PSYoungGen      total 173056K, used 5136K [0x00000000eb500000, 0x00000000f9f00000, 0x0000000100000000)
  eden space 160256K, 0% used [0x00000000eb500000,0x00000000eb500000,0x00000000f5180000)
  from space 12800K, 40% used [0x00000000f5180000,0x00000000f5684060,0x00000000f5e00000)
  to   space 12288K, 0% used [0x00000000f9300000,0x00000000f9300000,0x00000000f9f00000)
 ParOldGen       total 32256K, used 27773K [0x00000000c1e00000, 0x00000000c3d80000, 0x00000000eb500000)
  object space 32256K, 86% used [0x00000000c1e00000,0x00000000c391f498,0x00000000c3d80000)
 Metaspace       used 33709K, capacity 35318K, committed 35416K, reserved 1079296K
  class space    used 4340K, capacity 4655K, committed 4736K, reserved 1048576K
}
Event: 15.780 GC heap before
{Heap before GC invocations=17 (full 2):
 PSYoungGen      total 173056K, used 5136K [0x00000000eb500000, 0x00000000f9f00000, 0x0000000100000000)
  eden space 160256K, 0% used [0x00000000eb500000,0x00000000eb500000,0x00000000f5180000)
  from space 12800K, 40% used [0x00000000f5180000,0x00000000f5684060,0x00000000f5e00000)
  to   space 12288K, 0% used [0x00000000f9300000,0x00000000f9300000,0x00000000f9f00000)
 ParOldGen       total 32256K, used 27773K [0x00000000c1e00000, 0x00000000c3d80000, 0x00000000eb500000)
  object space 32256K, 86% used [0x00000000c1e00000,0x00000000c391f498,0x00000000c3d80000)
 Metaspace       used 33709K, capacity 35318K, committed 35416K, reserved 1079296K
  class space    used 4340K, capacity 4655K, committed 4736K, reserved 1048576K
Event: 15.913 GC heap after
Heap after GC invocations=17 (full 2):
 PSYoungGen      total 173056K, used 0K [0x00000000eb500000, 0x00000000f9f00000, 0x0000000100000000)
  eden space 160256K, 0% used [0x00000000eb500000,0x00000000eb500000,0x00000000f5180000)
  from space 12800K, 0% used [0x00000000f5180000,0x00000000f5180000,0x00000000f5e00000)
  to   space 12288K, 0% used [0x00000000f9300000,0x00000000f9300000,0x00000000f9f00000)
 ParOldGen       total 60928K, used 22336K [0x00000000c1e00000, 0x00000000c5980000, 0x00000000eb500000)
  object space 60928K, 36% used [0x00000000c1e00000,0x00000000c33d0260,0x00000000c5980000)
 Metaspace       used 33709K, capacity 35318K, committed 35416K, reserved 1079296K
  class space    used 4340K, capacity 4655K, committed 4736K, reserved 1048576K
}
Event: 26.638 GC heap before
{Heap before GC invocations=18 (full 2):
 PSYoungGen      total 173056K, used 160256K [0x00000000eb500000, 0x00000000f9f00000, 0x0000000100000000)
  eden space 160256K, 100% used [0x00000000eb500000,0x00000000f5180000,0x00000000f5180000)
  from space 12800K, 0% used [0x00000000f5180000,0x00000000f5180000,0x00000000f5e00000)
  to   space 12288K, 0% used [0x00000000f9300000,0x00000000f9300000,0x00000000f9f00000)
 ParOldGen       total 60928K, used 22336K [0x00000000c1e00000, 0x00000000c5980000, 0x00000000eb500000)
  object space 60928K, 36% used [0x00000000c1e00000,0x00000000c33d0260,0x00000000c5980000)
 Metaspace       used 40042K, capacity 41726K, committed 41944K, reserved 1085440K
  class space    used 5070K, capacity 5367K, committed 5376K, reserved 1048576K
Event: 26.653 GC heap after
Heap after GC invocations=18 (full 2):
 PSYoungGen      total 220160K, used 10782K [0x00000000eb500000, 0x00000000f9e00000, 0x0000000100000000)
  eden space 208896K, 0% used [0x00000000eb500000,0x00000000eb500000,0x00000000f8100000)
  from space 11264K, 95% used [0x00000000f9300000,0x00000000f9d87900,0x00000000f9e00000)
  to   space 13312K, 0% used [0x00000000f8400000,0x00000000f8400000,0x00000000f9100000)
 ParOldGen       total 60928K, used 22344K [0x00000000c1e00000, 0x00000000c5980000, 0x00000000eb500000)
  object space 60928K, 36% used [0x00000000c1e00000,0x00000000c33d2260,0x00000000c5980000)
 Metaspace       used 40042K, capacity 41726K, committed 41944K, reserved 1085440K
  class space    used 5070K, capacity 5367K, committed 5376K, reserved 1048576K
}
Event: 32.828 GC heap before
{Heap before GC invocations=19 (full 2):
 PSYoungGen      total 220160K, used 219678K [0x00000000eb500000, 0x00000000f9e00000, 0x0000000100000000)
  eden space 208896K, 100% used [0x00000000eb500000,0x00000000f8100000,0x00000000f8100000)
  from space 11264K, 95% used [0x00000000f9300000,0x00000000f9d87900,0x00000000f9e00000)
  to   space 13312K, 0% used [0x00000000f8400000,0x00000000f8400000,0x00000000f9100000)
 ParOldGen       total 60928K, used 22344K [0x00000000c1e00000, 0x00000000c5980000, 0x00000000eb500000)
  object space 60928K, 36% used [0x00000000c1e00000,0x00000000c33d2260,0x00000000c5980000)
 Metaspace       used 49778K, capacity 51586K, committed 51928K, reserved 1093632K
  class space    used 6701K, capacity 7041K, committed 7168K, reserved 1048576K
Event: 32.849 GC heap after
Heap after GC invocations=19 (full 2):
 PSYoungGen      total 225280K, used 10526K [0x00000000eb500000, 0x00000000fc280000, 0x0000000100000000)
  eden space 211968K, 0% used [0x00000000eb500000,0x00000000eb500000,0x00000000f8400000)
  from space 13312K, 79% used [0x00000000f8400000,0x00000000f8e47ad8,0x00000000f9100000)
  to   space 14336K, 0% used [0x00000000fb480000,0x00000000fb480000,0x00000000fc280000)
 ParOldGen       total 60928K, used 29268K [0x00000000c1e00000, 0x00000000c5980000, 0x00000000eb500000)
  object space 60928K, 48% used [0x00000000c1e00000,0x00000000c3a953c0,0x00000000c5980000)
 Metaspace       used 49778K, capacity 51586K, committed 51928K, reserved 1093632K
  class space    used 6701K, capacity 7041K, committed 7168K, reserved 1048576K
}

