# JRE version: Java(TM) SE Runtime Environment (8.0_211-b12) (build 1.8.0_211-b12)
# Java VM: Java HotSpot(TM) 64-Bit Server VM (25.211-b12 mixed mode windows-amd64 compressed oops)
Heap:
 PSYoungGen      total 109568K, used 23066K [0x00000000eb500000, 0x00000000f2800000, 0x0000000100000000)
  eden space 102400K, 15% used [0x00000000eb500000,0x00000000ec48b498,0x00000000f1900000)
  from space 7168K, 99% used [0x00000000f1900000,0x00000000f1ffb6e0,0x00000000f2000000)
  to   space 6144K, 0% used [0x00000000f2000000,0x00000000f2000000,0x00000000f2600000)
 ParOldGen       total 34304K, used 9884K [0x00000000c1e00000, 0x00000000c3f80000, 0x00000000eb500000)
  object space 34304K, 28% used [0x00000000c1e00000,0x00000000c27a73e0,0x00000000c3f80000)
 Metaspace       used 24987K, capacity 25332K, committed 25520K, reserved 1071104K
  class space    used 3081K, capacity 3195K, committed 3248K, reserved 1048576K
GC Heap History (10 events):
Event: 4.966 GC heap before
{Heap before GC invocations=8 (full 0):
 PSYoungGen      total 36352K, used 35332K [0x00000000eb500000, 0x00000000efc00000, 0x0000000100000000)
  eden space 32256K, 100% used [0x00000000eb500000,0x00000000ed480000,0x00000000ed480000)
  from space 4096K, 75% used [0x00000000ed480000,0x00000000ed781280,0x00000000ed880000)
  to   space 4096K, 0% used [0x00000000ef800000,0x00000000ef800000,0x00000000efc00000)
 ParOldGen       total 44032K, used 3220K [0x00000000c1e00000, 0x00000000c4900000, 0x00000000eb500000)
  object space 44032K, 7% used [0x00000000c1e00000,0x00000000c21251d0,0x00000000c4900000)
 Metaspace       used 15788K, capacity 15920K, committed 16128K, reserved 1062912K
  class space    used 1919K, capacity 1950K, committed 2048K, reserved 1048576K
Event: 4.972 GC heap after
Heap after GC invocations=8 (full 0):
 PSYoungGen      total 68608K, used 3081K [0x00000000eb500000, 0x00000000efc00000, 0x0000000100000000)
  eden space 64512K, 0% used [0x00000000eb500000,0x00000000eb500000,0x00000000ef400000)
  from space 4096K, 75% used [0x00000000ef800000,0x00000000efb02408,0x00000000efc00000)
  to   space 4096K, 0% used [0x00000000ef400000,0x00000000ef400000,0x00000000ef800000)
 ParOldGen       total 44032K, used 3628K [0x00000000c1e00000, 0x00000000c4900000, 0x00000000eb500000)
  object space 44032K, 8% used [0x00000000c1e00000,0x00000000c218b1d0,0x00000000c4900000)
 Metaspace       used 15788K, capacity 15920K, committed 16128K, reserved 1062912K
  class space    used 1919K, capacity 1950K, committed 2048K, reserved 1048576K
}
Event: 7.564 GC heap before
{Heap before GC invocations=9 (full 0):
 PSYoungGen      total 68608K, used 67593K [0x00000000eb500000, 0x00000000efc00000, 0x0000000100000000)
  eden space 64512K, 100% used [0x00000000eb500000,0x00000000ef400000,0x00000000ef400000)
  from space 4096K, 75% used [0x00000000ef800000,0x00000000efb02408,0x00000000efc00000)
  to   space 4096K, 0% used [0x00000000ef400000,0x00000000ef400000,0x00000000ef800000)
 ParOldGen       total 44032K, used 3628K [0x00000000c1e00000, 0x00000000c4900000, 0x00000000eb500000)
  object space 44032K, 8% used [0x00000000c1e00000,0x00000000c218b1d0,0x00000000c4900000)
 Metaspace       used 19618K, capacity 19822K, committed 20096K, reserved 1067008K
  class space    used 2372K, capacity 2419K, committed 2432K, reserved 1048576K
Event: 7.576 GC heap after
Heap after GC invocations=9 (full 0):
 PSYoungGen      total 68608K, used 4086K [0x00000000eb500000, 0x00000000f2600000, 0x0000000100000000)
  eden space 64512K, 0% used [0x00000000eb500000,0x00000000eb500000,0x00000000ef400000)
  from space 4096K, 99% used [0x00000000ef400000,0x00000000ef7fdb08,0x00000000ef800000)
  to   space 6144K, 0% used [0x00000000f2000000,0x00000000f2000000,0x00000000f2600000)
 ParOldGen       total 44032K, used 7638K [0x00000000c1e00000, 0x00000000c4900000, 0x00000000eb500000)
  object space 44032K, 17% used [0x00000000c1e00000,0x00000000c2575858,0x00000000c4900000)
 Metaspace       used 19618K, capacity 19822K, committed 20096K, reserved 1067008K
  class space    used 2372K, capacity 2419K, committed 2432K, reserved 1048576K
}
Event: 10.160 GC heap before
{Heap before GC invocations=10 (full 0):
 PSYoungGen      total 68608K, used 53086K [0x00000000eb500000, 0x00000000f2600000, 0x0000000100000000)
  eden space 64512K, 75% used [0x00000000eb500000,0x00000000ee4da050,0x00000000ef400000)
  from space 4096K, 99% used [0x00000000ef400000,0x00000000ef7fdb08,0x00000000ef800000)
  to   space 6144K, 0% used [0x00000000f2000000,0x00000000f2000000,0x00000000f2600000)
 ParOldGen       total 44032K, used 7638K [0x00000000c1e00000, 0x00000000c4900000, 0x00000000eb500000)
  object space 44032K, 17% used [0x00000000c1e00000,0x00000000c2575858,0x00000000c4900000)
 Metaspace       used 20956K, capacity 21148K, committed 21296K, reserved 1069056K
  class space    used 2520K, capacity 2583K, committed 2608K, reserved 1048576K
Event: 10.170 GC heap after
Heap after GC invocations=10 (full 0):
 PSYoungGen      total 108544K, used 6142K [0x00000000eb500000, 0x00000000f2800000, 0x0000000100000000)
  eden space 102400K, 0% used [0x00000000eb500000,0x00000000eb500000,0x00000000f1900000)
  from space 6144K, 99% used [0x00000000f2000000,0x00000000f25ff958,0x00000000f2600000)
  to   space 7168K, 0% used [0x00000000f1900000,0x00000000f1900000,0x00000000f2000000)
 ParOldGen       total 44032K, used 8775K [0x00000000c1e00000, 0x00000000c4900000, 0x00000000eb500000)
  object space 44032K, 19% used [0x00000000c1e00000,0x00000000c2691d78,0x00000000c4900000)
 Metaspace       used 20956K, capacity 21148K, committed 21296K, reserved 1069056K
  class space    used 2520K, capacity 2583K, committed 2608K, reserved 1048576K
}
Event: 10.171 GC heap before
{Heap before GC invocations=11 (full 1):
 PSYoungGen      total 108544K, used 6142K [0x00000000eb500000, 0x00000000f2800000, 0x0000000100000000)
  eden space 102400K, 0% used [0x00000000eb500000,0x00000000eb500000,0x00000000f1900000)
  from space 6144K, 99% used [0x00000000f2000000,0x00000000f25ff958,0x00000000f2600000)
  to   space 7168K, 0% used [0x00000000f1900000,0x00000000f1900000,0x00000000f2000000)
 ParOldGen       total 44032K, used 8775K [0x00000000c1e00000, 0x00000000c4900000, 0x00000000eb500000)
  object space 44032K, 19% used [0x00000000c1e00000,0x00000000c2691d78,0x00000000c4900000)
 Metaspace       used 20956K, capacity 21148K, committed 21296K, reserved 1069056K
  class space    used 2520K, capacity 2583K, committed 2608K, reserved 1048576K
Event: 10.230 GC heap after
Heap after GC invocations=11 (full 1):
 PSYoungGen      total 108544K, used 0K [0x00000000eb500000, 0x00000000f2800000, 0x0000000100000000)
  eden space 102400K, 0% used [0x00000000eb500000,0x00000000eb500000,0x00000000f1900000)
  from space 6144K, 0% used [0x00000000f2000000,0x00000000f2000000,0x00000000f2600000)
  to   space 7168K, 0% used [0x00000000f1900000,0x00000000f1900000,0x00000000f2000000)
 ParOldGen       total 34304K, used 9563K [0x00000000c1e00000, 0x00000000c3f80000, 0x00000000eb500000)
  object space 34304K, 27% used [0x00000000c1e00000,0x00000000c2756c48,0x00000000c3f80000)
 Metaspace       used 20956K, capacity 21148K, committed 21296K, reserved 1069056K
  class space    used 2520K, capacity 2583K, committed 2608K, reserved 1048576K
}
Event: 12.238 GC heap before
{Heap before GC invocations=12 (full 1):
 PSYoungGen      total 108544K, used 102400K [0x00000000eb500000, 0x00000000f2800000, 0x0000000100000000)
  eden space 102400K, 100% used [0x00000000eb500000,0x00000000f1900000,0x00000000f1900000)
  from space 6144K, 0% used [0x00000000f2000000,0x00000000f2000000,0x00000000f2600000)
  to   space 7168K, 0% used [0x00000000f1900000,0x00000000f1900000,0x00000000f2000000)
 ParOldGen       total 34304K, used 9563K [0x00000000c1e00000, 0x00000000c3f80000, 0x00000000eb500000)
  object space 34304K, 27% used [0x00000000c1e00000,0x00000000c2756c48,0x00000000c3f80000)
 Metaspace       used 24371K, capacity 24724K, committed 24880K, reserved 1071104K
  class space    used 2991K, capacity 3099K, committed 3120K, reserved 1048576K
Event: 12.250 GC heap after
Heap after GC invocations=12 (full 1):
 PSYoungGen      total 109568K, used 7149K [0x00000000eb500000, 0x00000000f2800000, 0x0000000100000000)
  eden space 102400K, 0% used [0x00000000eb500000,0x00000000eb500000,0x00000000f1900000)
  from space 7168K, 99% used [0x00000000f1900000,0x00000000f1ffb6e0,0x00000000f2000000)
  to   space 6144K, 0% used [0x00000000f2000000,0x00000000f2000000,0x00000000f2600000)
 ParOldGen       total 34304K, used 9884K [0x00000000c1e00000, 0x00000000c3f80000, 0x00000000eb500000)
  object space 34304K, 28% used [0x00000000c1e00000,0x00000000c27a73e0,0x00000000c3f80000)
 Metaspace       used 24371K, capacity 24724K, committed 24880K, reserved 1071104K
  class space    used 2991K, capacity 3099K, committed 3120K, reserved 1048576K
}

