# JRE version: Java(TM) SE Runtime Environment (8.0_211-b12) (build 1.8.0_211-b12)
# Java VM: Java HotSpot(TM) 64-Bit Server VM (25.211-b12 mixed mode windows-amd64 compressed oops)
Heap:
 PSYoungGen      total 54784K, used 26176K [0x00000000eb500000, 0x00000000efe00000, 0x0000000100000000)
  eden space 51200K, 44% used [0x00000000eb500000,0x00000000ecb10bb8,0x00000000ee700000)
  from space 3584K, 99% used [0x00000000eeb80000,0x00000000eeeff4b8,0x00000000eef00000)
  to   space 4608K, 0% used [0x00000000ee700000,0x00000000ee700000,0x00000000eeb80000)
 ParOldGen       total 33280K, used 7300K [0x00000000c1e00000, 0x00000000c3e80000, 0x00000000eb500000)
  object space 33280K, 21% used [0x00000000c1e00000,0x00000000c2521310,0x00000000c3e80000)
 Metaspace       used 23579K, capacity 24260K, committed 24448K, reserved 1071104K
  class space    used 2987K, capacity 3134K, committed 3200K, reserved 1048576K
GC Heap History (10 events):
Event: 6.866 GC heap before
{Heap before GC invocations=9 (full 0):
 PSYoungGen      total 36352K, used 33452K [0x00000000eb500000, 0x00000000edd00000, 0x0000000100000000)
  eden space 31744K, 100% used [0x00000000eb500000,0x00000000ed400000,0x00000000ed400000)
  from space 4608K, 37% used [0x00000000ed880000,0x00000000eda2b358,0x00000000edd00000)
  to   space 4608K, 0% used [0x00000000ed400000,0x00000000ed400000,0x00000000ed880000)
 ParOldGen       total 44032K, used 4579K [0x00000000c1e00000, 0x00000000c4900000, 0x00000000eb500000)
  object space 44032K, 10% used [0x00000000c1e00000,0x00000000c2278e60,0x00000000c4900000)
 Metaspace       used 17042K, capacity 17566K, committed 17792K, reserved 1064960K
  class space    used 2172K, capacity 2309K, committed 2432K, reserved 1048576K
Event: 6.871 GC heap after
Heap after GC invocations=9 (full 0):
 PSYoungGen      total 36352K, used 2698K [0x00000000eb500000, 0x00000000ef000000, 0x0000000100000000)
  eden space 31744K, 0% used [0x00000000eb500000,0x00000000eb500000,0x00000000ed400000)
  from space 4608K, 58% used [0x00000000ed400000,0x00000000ed6a2ab8,0x00000000ed880000)
  to   space 4608K, 0% used [0x00000000eeb80000,0x00000000eeb80000,0x00000000ef000000)
 ParOldGen       total 44032K, used 5063K [0x00000000c1e00000, 0x00000000c4900000, 0x00000000eb500000)
  object space 44032K, 11% used [0x00000000c1e00000,0x00000000c22f1f98,0x00000000c4900000)
 Metaspace       used 17042K, capacity 17566K, committed 17792K, reserved 1064960K
  class space    used 2172K, capacity 2309K, committed 2432K, reserved 1048576K
}
Event: 7.343 GC heap before
{Heap before GC invocations=10 (full 0):
 PSYoungGen      total 36352K, used 34442K [0x00000000eb500000, 0x00000000ef000000, 0x0000000100000000)
  eden space 31744K, 100% used [0x00000000eb500000,0x00000000ed400000,0x00000000ed400000)
  from space 4608K, 58% used [0x00000000ed400000,0x00000000ed6a2ab8,0x00000000ed880000)
  to   space 4608K, 0% used [0x00000000eeb80000,0x00000000eeb80000,0x00000000ef000000)
 ParOldGen       total 44032K, used 5063K [0x00000000c1e00000, 0x00000000c4900000, 0x00000000eb500000)
  object space 44032K, 11% used [0x00000000c1e00000,0x00000000c22f1f98,0x00000000c4900000)
 Metaspace       used 18748K, capacity 19312K, committed 19456K, reserved 1067008K
  class space    used 2427K, capacity 2560K, committed 2560K, reserved 1048576K
Event: 7.350 GC heap after
Heap after GC invocations=10 (full 0):
 PSYoungGen      total 54784K, used 2570K [0x00000000eb500000, 0x00000000eef00000, 0x0000000100000000)
  eden space 51200K, 0% used [0x00000000eb500000,0x00000000eb500000,0x00000000ee700000)
  from space 3584K, 71% used [0x00000000eeb80000,0x00000000eee028f0,0x00000000eef00000)
  to   space 4096K, 0% used [0x00000000ee700000,0x00000000ee700000,0x00000000eeb00000)
 ParOldGen       total 44032K, used 5661K [0x00000000c1e00000, 0x00000000c4900000, 0x00000000eb500000)
  object space 44032K, 12% used [0x00000000c1e00000,0x00000000c2387420,0x00000000c4900000)
 Metaspace       used 18748K, capacity 19312K, committed 19456K, reserved 1067008K
  class space    used 2427K, capacity 2560K, committed 2560K, reserved 1048576K
}
Event: 8.318 GC heap before
{Heap before GC invocations=11 (full 0):
 PSYoungGen      total 54784K, used 45673K [0x00000000eb500000, 0x00000000eef00000, 0x0000000100000000)
  eden space 51200K, 84% used [0x00000000eb500000,0x00000000edf17f08,0x00000000ee700000)
  from space 3584K, 71% used [0x00000000eeb80000,0x00000000eee028f0,0x00000000eef00000)
  to   space 4096K, 0% used [0x00000000ee700000,0x00000000ee700000,0x00000000eeb00000)
 ParOldGen       total 44032K, used 5661K [0x00000000c1e00000, 0x00000000c4900000, 0x00000000eb500000)
  object space 44032K, 12% used [0x00000000c1e00000,0x00000000c2387420,0x00000000c4900000)
 Metaspace       used 20585K, capacity 21158K, committed 21248K, reserved 1067008K
  class space    used 2619K, capacity 2773K, committed 2816K, reserved 1048576K
Event: 8.325 GC heap after
Heap after GC invocations=11 (full 0):
 PSYoungGen      total 55296K, used 2446K [0x00000000eb500000, 0x00000000eef00000, 0x0000000100000000)
  eden space 51200K, 0% used [0x00000000eb500000,0x00000000eb500000,0x00000000ee700000)
  from space 4096K, 59% used [0x00000000ee700000,0x00000000ee963a70,0x00000000eeb00000)
  to   space 3584K, 0% used [0x00000000eeb80000,0x00000000eeb80000,0x00000000eef00000)
 ParOldGen       total 44032K, used 6639K [0x00000000c1e00000, 0x00000000c4900000, 0x00000000eb500000)
  object space 44032K, 15% used [0x00000000c1e00000,0x00000000c247bc40,0x00000000c4900000)
 Metaspace       used 20585K, capacity 21158K, committed 21248K, reserved 1067008K
  class space    used 2619K, capacity 2773K, committed 2816K, reserved 1048576K
}
Event: 8.325 GC heap before
{Heap before GC invocations=12 (full 1):
 PSYoungGen      total 55296K, used 2446K [0x00000000eb500000, 0x00000000eef00000, 0x0000000100000000)
  eden space 51200K, 0% used [0x00000000eb500000,0x00000000eb500000,0x00000000ee700000)
  from space 4096K, 59% used [0x00000000ee700000,0x00000000ee963a70,0x00000000eeb00000)
  to   space 3584K, 0% used [0x00000000eeb80000,0x00000000eeb80000,0x00000000eef00000)
 ParOldGen       total 44032K, used 6639K [0x00000000c1e00000, 0x00000000c4900000, 0x00000000eb500000)
  object space 44032K, 15% used [0x00000000c1e00000,0x00000000c247bc40,0x00000000c4900000)
 Metaspace       used 20585K, capacity 21158K, committed 21248K, reserved 1067008K
  class space    used 2619K, capacity 2773K, committed 2816K, reserved 1048576K
Event: 8.432 GC heap after
Heap after GC invocations=12 (full 1):
 PSYoungGen      total 55296K, used 0K [0x00000000eb500000, 0x00000000eef00000, 0x0000000100000000)
  eden space 51200K, 0% used [0x00000000eb500000,0x00000000eb500000,0x00000000ee700000)
  from space 4096K, 0% used [0x00000000ee700000,0x00000000ee700000,0x00000000eeb00000)
  to   space 3584K, 0% used [0x00000000eeb80000,0x00000000eeb80000,0x00000000eef00000)
 ParOldGen       total 33280K, used 6848K [0x00000000c1e00000, 0x00000000c3e80000, 0x00000000eb500000)
  object space 33280K, 20% used [0x00000000c1e00000,0x00000000c24b0358,0x00000000c3e80000)
 Metaspace       used 20585K, capacity 21158K, committed 21248K, reserved 1067008K
  class space    used 2619K, capacity 2773K, committed 2816K, reserved 1048576K
}
Event: 9.993 GC heap before
{Heap before GC invocations=13 (full 1):
 PSYoungGen      total 55296K, used 51200K [0x00000000eb500000, 0x00000000eef00000, 0x0000000100000000)
  eden space 51200K, 100% used [0x00000000eb500000,0x00000000ee700000,0x00000000ee700000)
  from space 4096K, 0% used [0x00000000ee700000,0x00000000ee700000,0x00000000eeb00000)
  to   space 3584K, 0% used [0x00000000eeb80000,0x00000000eeb80000,0x00000000eef00000)
 ParOldGen       total 33280K, used 6848K [0x00000000c1e00000, 0x00000000c3e80000, 0x00000000eb500000)
  object space 33280K, 20% used [0x00000000c1e00000,0x00000000c24b0358,0x00000000c3e80000)
 Metaspace       used 23201K, capacity 23834K, committed 24192K, reserved 1071104K
  class space    used 2929K, capacity 3073K, committed 3200K, reserved 1048576K
Event: 9.999 GC heap after
Heap after GC invocations=13 (full 1):
 PSYoungGen      total 54784K, used 3581K [0x00000000eb500000, 0x00000000efe00000, 0x0000000100000000)
  eden space 51200K, 0% used [0x00000000eb500000,0x00000000eb500000,0x00000000ee700000)
  from space 3584K, 99% used [0x00000000eeb80000,0x00000000eeeff4b8,0x00000000eef00000)
  to   space 4608K, 0% used [0x00000000ee700000,0x00000000ee700000,0x00000000eeb80000)
 ParOldGen       total 33280K, used 7300K [0x00000000c1e00000, 0x00000000c3e80000, 0x00000000eb500000)
  object space 33280K, 21% used [0x00000000c1e00000,0x00000000c2521310,0x00000000c3e80000)
 Metaspace       used 23201K, capacity 23834K, committed 24192K, reserved 1071104K
  class space    used 2929K, capacity 3073K, committed 3200K, reserved 1048576K
}

